[2025-10-01 09:28:45.049] [info]  No state version found, assuming empty state.
[2025-10-01 09:28:45.213] [info]  Coredumps are disabled in renderer process
[2025-10-01 09:28:45.214] [info]  Disabling memory dumps in main process
[2025-10-01 09:28:46.513] [info]  [Native Messaging IPC] Clearing connected apps
[2025-10-01 09:28:46.516] [info]  State version: 72
[2025-10-01 09:28:46.856] [info]  Retrieving application id
[2025-10-01 09:28:47.654] [info]  Environment did not respond in time, emitting previous config.
[2025-10-01 09:28:54.904] [info]  Retrieving application id
[2025-10-01 09:28:54.918] [info]  Retrieving application id
[2025-10-01 09:29:11.556] [info]  Retrieving application id
[2025-10-01 09:29:14.929] [info]  [KeyService] Deriving master key took 1088ms
[2025-10-01 09:29:17.366] [info]  Retrieving application id
[2025-10-01 09:29:21.063] [error] {
  response: {
    error: 'invalid_grant',
    error_description: 'invalid_username_or_password',
    ErrorModel: {
      Message: 'Username or password is incorrect. Try again.',
      Object: 'error'
    }
  },
  message: 'Username or password is incorrect. Try again.',
  statusCode: 400
}
[2025-10-01 09:29:29.416] [info]  Retrieving application id
[2025-10-01 09:29:32.321] [info]  [KeyService] Deriving master key took 1077ms
[2025-10-01 09:29:33.340] [info]  Retrieving application id
[2025-10-01 09:31:09.433] [error] [Credential Storage Listener] getPassword failed Error: Panic in async function
[2025-10-01 09:31:10.991] [info]  Using SignalR for notifications
[2025-10-01 09:31:12.291] [error] [Credential Storage Listener] deletePassword failed Error: Panic in async function
[2025-10-01 09:31:13.310] [info]  Environment did not respond in time, emitting previous config.
[2025-10-01 09:31:15.088] [info]  [SignalR] WebSocket connected to wss://notifications.bitwarden.com/hub?access_token=[REDACTED]
[2025-10-01 09:31:16.248] [info]  [SignalR] Using HubProtocol 'messagepack'.
[2025-10-01 09:31:17.056] [info]  [SearchService]: isSearchable took 8.099999999627471 undefined
[2025-10-01 09:31:21.832] [info]  [CipherService]: decrypt complete took 105.29999999981374 [ [ 'Items', 195 ] ]
[2025-10-01 09:31:23.246] [info]  [SearchService]: index complete took 1397.5 [ [ 'Items', 195 ] ]
[2025-10-01 09:31:23.994] [info]  [SearchService]: isSearchable took 18.700000000186265 undefined
[2025-10-01 09:31:24.689] [info]  [SearchService]: index complete took 63.5 [ [ 'Items', 195 ] ]
[2025-10-01 09:31:25.374] [info]  [SearchService]: isSearchable took 26.5 undefined
[2025-10-01 09:31:48.234] [info]  [SearchService]: isSearchable took 21.399999999441206 undefined
[2025-10-01 09:31:50.579] [info]  [SearchService]: isSearchable took 17.799999999813735 undefined
[2025-10-01 09:31:53.225] [info]  Autotype disabled.
[2025-10-02 01:53:41.481] [info]  State version: 72
[2025-10-02 01:53:41.489] [info]  Migrator MinVersionMigrator (to version 3) should migrate: false - up
[2025-10-02 01:53:41.489] [info]  Migrator RemoveEverBeenUnlockedMigrator (to version 4) should migrate: false - up
[2025-10-02 01:53:41.489] [info]  Migrator AddKeyTypeToOrgKeysMigrator (to version 5) should migrate: false - up
[2025-10-02 01:53:41.490] [info]  Migrator RemoveLegacyEtmKeyMigrator (to version 6) should migrate: false - up
[2025-10-02 01:53:41.490] [info]  Migrator MoveBiometricAutoPromptToAccount (to version 7) should migrate: false - up
[2025-10-02 01:53:41.490] [info]  Migrator MoveStateVersionMigrator (to version 8) should migrate: false - up
[2025-10-02 01:53:41.491] [info]  Migrator MoveBrowserSettingsToGlobal (to version 9) should migrate: false - up
[2025-10-02 01:53:41.491] [info]  Migrator EverHadUserKeyMigrator (to version 10) should migrate: false - up
[2025-10-02 01:53:41.491] [info]  Migrator OrganizationKeyMigrator (to version 11) should migrate: false - up
[2025-10-02 01:53:41.492] [info]  Migrator MoveEnvironmentStateToProviders (to version 12) should migrate: false - up
[2025-10-02 01:53:41.492] [info]  Migrator ProviderKeyMigrator (to version 13) should migrate: false - up
[2025-10-02 01:53:41.492] [info]  Migrator MoveBiometricClientKeyHalfToStateProviders (to version 14) should migrate: false - up
[2025-10-02 01:53:41.492] [info]  Migrator FolderMigrator (to version 15) should migrate: false - up
[2025-10-02 01:53:41.492] [info]  Migrator LastSyncMigrator (to version 16) should migrate: false - up
[2025-10-02 01:53:41.493] [info]  Migrator EnablePasskeysMigrator (to version 17) should migrate: false - up
[2025-10-02 01:53:41.493] [info]  Migrator AutofillSettingsKeyMigrator (to version 18) should migrate: false - up
[2025-10-02 01:53:41.493] [info]  Migrator RequirePasswordOnStartMigrator (to version 19) should migrate: false - up
[2025-10-02 01:53:41.493] [info]  Migrator PrivateKeyMigrator (to version 20) should migrate: false - up
[2025-10-02 01:53:41.493] [info]  Migrator CollectionMigrator (to version 21) should migrate: false - up
[2025-10-02 01:53:41.493] [info]  Migrator CollapsedGroupingsMigrator (to version 22) should migrate: false - up
[2025-10-02 01:53:41.494] [info]  Migrator MoveBiometricPromptsToStateProviders (to version 23) should migrate: false - up
[2025-10-02 01:53:41.494] [info]  Migrator SmOnboardingTasksMigrator (to version 24) should migrate: false - up
[2025-10-02 01:53:41.494] [info]  Migrator ClearClipboardDelayMigrator (to version 25) should migrate: false - up
[2025-10-02 01:53:41.494] [info]  Migrator RevertLastSyncMigrator (to version 26) should migrate: false - up
[2025-10-02 01:53:41.494] [info]  Migrator BadgeSettingsMigrator (to version 27) should migrate: false - up
[2025-10-02 01:53:41.494] [info]  Migrator MoveBiometricUnlockToStateProviders (to version 28) should migrate: false - up
[2025-10-02 01:53:41.495] [info]  Migrator UserNotificationSettingsKeyMigrator (to version 29) should migrate: false - up
[2025-10-02 01:53:41.495] [info]  Migrator PolicyMigrator (to version 30) should migrate: false - up
[2025-10-02 01:53:41.495] [info]  Migrator EnableContextMenuMigrator (to version 31) should migrate: false - up
[2025-10-02 01:53:41.495] [info]  Migrator PreferredLanguageMigrator (to version 32) should migrate: false - up
[2025-10-02 01:53:41.495] [info]  Migrator AppIdMigrator (to version 33) should migrate: false - up
[2025-10-02 01:53:41.495] [info]  Migrator DomainSettingsMigrator (to version 34) should migrate: false - up
[2025-10-02 01:53:41.495] [info]  Migrator MoveThemeToStateProviderMigrator (to version 35) should migrate: false - up
[2025-10-02 01:53:41.496] [info]  Migrator VaultSettingsKeyMigrator (to version 36) should migrate: false - up
[2025-10-02 01:53:41.496] [info]  Migrator AvatarColorMigrator (to version 37) should migrate: false - up
[2025-10-02 01:53:41.496] [info]  Migrator TokenServiceStateProviderMigrator (to version 38) should migrate: false - up
[2025-10-02 01:53:41.496] [info]  Migrator MoveBillingAccountProfileMigrator (to version 39) should migrate: false - up
[2025-10-02 01:53:41.496] [info]  Migrator OrganizationMigrator (to version 40) should migrate: false - up
[2025-10-02 01:53:41.497] [info]  Migrator EventCollectionMigrator (to version 41) should migrate: false - up
[2025-10-02 01:53:41.497] [info]  Migrator EnableFaviconMigrator (to version 42) should migrate: false - up
[2025-10-02 01:53:41.497] [info]  Migrator AutoConfirmFingerPrintsMigrator (to version 43) should migrate: false - up
[2025-10-02 01:53:41.497] [info]  Migrator UserDecryptionOptionsMigrator (to version 44) should migrate: false - up
[2025-10-02 01:53:41.497] [info]  Migrator MergeEnvironmentState (to version 45) should migrate: false - up
[2025-10-02 01:53:41.497] [info]  Migrator DeleteBiometricPromptCancelledData (to version 46) should migrate: false - up
[2025-10-02 01:53:41.497] [info]  Migrator MoveDesktopSettingsMigrator (to version 47) should migrate: false - up
[2025-10-02 01:53:41.498] [info]  Migrator MoveDdgToStateProviderMigrator (to version 48) should migrate: false - up
[2025-10-02 01:53:41.498] [info]  Migrator AccountServerConfigMigrator (to version 49) should migrate: false - up
[2025-10-02 01:53:41.498] [info]  Migrator KeyConnectorMigrator (to version 50) should migrate: false - up
[2025-10-02 01:53:41.498] [info]  Migrator RememberedEmailMigrator (to version 51) should migrate: false - up
[2025-10-02 01:53:41.498] [info]  Migrator DeleteInstalledVersion (to version 52) should migrate: false - up
[2025-10-02 01:53:41.498] [info]  Migrator DeviceTrustServiceStateProviderMigrator (to version 53) should migrate: false - up
[2025-10-02 01:53:41.498] [info]  Migrator SendMigrator (to version 54) should migrate: false - up
[2025-10-02 01:53:41.499] [info]  Migrator MoveMasterKeyStateToProviderMigrator (to version 55) should migrate: false - up
[2025-10-02 01:53:41.499] [info]  Migrator AuthRequestMigrator (to version 56) should migrate: false - up
[2025-10-02 01:53:41.499] [info]  Migrator CipherServiceMigrator (to version 57) should migrate: false - up
[2025-10-02 01:53:41.499] [info]  Migrator RemoveRefreshTokenMigratedFlagMigrator (to version 58) should migrate: false - up
[2025-10-02 01:53:41.499] [info]  Migrator KdfConfigMigrator (to version 59) should migrate: false - up
[2025-10-02 01:53:41.499] [info]  Migrator KnownAccountsMigrator (to version 60) should migrate: false - up
[2025-10-02 01:53:41.499] [info]  Migrator PinStateMigrator (to version 61) should migrate: false - up
[2025-10-02 01:53:41.500] [info]  Migrator VaultTimeoutSettingsServiceStateProviderMigrator (to version 62) should migrate: false - up
[2025-10-02 01:53:41.500] [info]  Migrator PasswordOptionsMigrator (to version 63) should migrate: false - up
[2025-10-02 01:53:41.500] [info]  Migrator GeneratorHistoryMigrator (to version 64) should migrate: false - up
[2025-10-02 01:53:41.500] [info]  Migrator ForwarderOptionsMigrator (to version 65) should migrate: false - up
[2025-10-02 01:53:41.500] [info]  Migrator MoveFinalDesktopSettingsMigrator (to version 66) should migrate: false - up
[2025-10-02 01:53:41.500] [info]  Migrator RemoveUnassignedItemsBannerDismissed (to version 67) should migrate: false - up
[2025-10-02 01:53:41.500] [info]  Migrator MoveLastSyncDate (to version 68) should migrate: false - up
[2025-10-02 01:53:41.501] [info]  Migrator MigrateIncorrectFolderKey (to version 69) should migrate: false - up
[2025-10-02 01:53:41.501] [info]  Migrator RemoveAcBannersDismissed (to version 70) should migrate: false - up
[2025-10-02 01:53:41.501] [info]  Migrator RemoveNewCustomizationOptionsCalloutDismissed (to version 71) should migrate: false - up
[2025-10-02 01:53:41.501] [info]  Migrator RemoveAccountDeprovisioningBannerDismissed (to version 72) should migrate: false - up
[2025-10-02 01:53:41.658] [info]  Coredumps are disabled in renderer process
[2025-10-02 01:53:41.659] [info]  Disabling memory dumps in main process
[2025-10-02 01:53:42.937] [info]  [Native Messaging IPC] Clearing connected apps
[2025-10-02 01:53:42.941] [info]  State version: 72
[2025-10-02 01:53:48.080] [info]  Retrieving application id
[2025-10-02 01:53:48.884] [info]  Environment did not respond in time, emitting previous config.
[2025-10-02 01:53:57.535] [info]  [KeyService] Deriving master key took 1136ms
[2025-10-02 01:53:57.582] [info]  Vault unlocked 2025-10-01T17:53:57.581Z
[2025-10-02 01:53:57.586] [info]  Using SignalR for notifications
[2025-10-02 01:53:58.073] [info]  [LockComponent] Sync took 400ms
[2025-10-02 01:53:58.075] [info]  [LockComponent] Private key regeneration took 1ms
[2025-10-02 01:53:58.202] [info]  [SearchService]: isSearchable took 30.199999999254942 undefined
[2025-10-02 01:53:58.419] [info]  [CipherService]: decrypt complete took 114.59999999962747 [ [ 'Items', 195 ] ]
[2025-10-02 01:53:58.539] [info]  [SearchService]: index complete took 106.40000000037253 [ [ 'Items', 195 ] ]
[2025-10-02 01:53:58.557] [info]  [SearchService]: isSearchable took 11.099999999627471 undefined
[2025-10-02 01:53:58.625] [info]  [SearchService]: index complete took 68 [ [ 'Items', 195 ] ]
[2025-10-02 01:53:58.712] [info]  [SignalR] WebSocket connected to wss://notifications.bitwarden.com/hub?access_token=[REDACTED]
[2025-10-02 01:53:58.713] [info]  [SignalR] Using HubProtocol 'messagepack'.
[2025-10-02 01:54:01.874] [info]  [SearchService]: isSearchable took 58.5 undefined
[2025-10-02 01:54:01.876] [info]  [SearchService]: isSearchable took 49.59999999962747 undefined
[2025-10-02 01:54:01.976] [info]  [SearchService]: isSearchable took 42.40000000037253 undefined
[2025-10-02 01:54:01.977] [info]  [SearchService]: isSearchable took 21.40000000037253 undefined
[2025-10-02 01:54:02.091] [info]  [SearchService]: isSearchable took 18.5 undefined
[2025-10-02 01:54:02.092] [info]  [SearchService]: isSearchable took 9.400000000372529 undefined
[2025-10-02 01:54:02.168] [info]  [SearchService]: isSearchable took 21.40000000037253 undefined
[2025-10-02 01:54:02.169] [info]  [SearchService]: isSearchable took 13.700000001117587 undefined
[2025-10-02 01:54:02.452] [info]  [SearchService]: isSearchable took 47.40000000037253 undefined
[2025-10-02 01:54:02.454] [info]  [SearchService]: isSearchable took 24.100000001490116 undefined
[2025-10-02 01:54:02.569] [info]  [SearchService]: isSearchable took 20.40000000037253 undefined
[2025-10-02 01:54:02.569] [info]  [SearchService]: isSearchable took 9.900000000372529 undefined
[2025-10-02 01:54:02.627] [info]  [SearchService]: isSearchable took 20 undefined
[2025-10-02 01:54:02.627] [info]  [SearchService]: isSearchable took 10.099999999627471 undefined
[2025-10-02 01:54:34.568] [info]  Autotype disabled.
[2025-10-03 11:06:12.101] [info]  State version: 72
[2025-10-03 11:06:12.107] [info]  Migrator MinVersionMigrator (to version 3) should migrate: false - up
[2025-10-03 11:06:12.107] [info]  Migrator RemoveEverBeenUnlockedMigrator (to version 4) should migrate: false - up
[2025-10-03 11:06:12.107] [info]  Migrator AddKeyTypeToOrgKeysMigrator (to version 5) should migrate: false - up
[2025-10-03 11:06:12.108] [info]  Migrator RemoveLegacyEtmKeyMigrator (to version 6) should migrate: false - up
[2025-10-03 11:06:12.108] [info]  Migrator MoveBiometricAutoPromptToAccount (to version 7) should migrate: false - up
[2025-10-03 11:06:12.108] [info]  Migrator MoveStateVersionMigrator (to version 8) should migrate: false - up
[2025-10-03 11:06:12.108] [info]  Migrator MoveBrowserSettingsToGlobal (to version 9) should migrate: false - up
[2025-10-03 11:06:12.108] [info]  Migrator EverHadUserKeyMigrator (to version 10) should migrate: false - up
[2025-10-03 11:06:12.109] [info]  Migrator OrganizationKeyMigrator (to version 11) should migrate: false - up
[2025-10-03 11:06:12.109] [info]  Migrator MoveEnvironmentStateToProviders (to version 12) should migrate: false - up
[2025-10-03 11:06:12.109] [info]  Migrator ProviderKeyMigrator (to version 13) should migrate: false - up
[2025-10-03 11:06:12.109] [info]  Migrator MoveBiometricClientKeyHalfToStateProviders (to version 14) should migrate: false - up
[2025-10-03 11:06:12.109] [info]  Migrator FolderMigrator (to version 15) should migrate: false - up
[2025-10-03 11:06:12.110] [info]  Migrator LastSyncMigrator (to version 16) should migrate: false - up
[2025-10-03 11:06:12.110] [info]  Migrator EnablePasskeysMigrator (to version 17) should migrate: false - up
[2025-10-03 11:06:12.110] [info]  Migrator AutofillSettingsKeyMigrator (to version 18) should migrate: false - up
[2025-10-03 11:06:12.110] [info]  Migrator RequirePasswordOnStartMigrator (to version 19) should migrate: false - up
[2025-10-03 11:06:12.110] [info]  Migrator PrivateKeyMigrator (to version 20) should migrate: false - up
[2025-10-03 11:06:12.110] [info]  Migrator CollectionMigrator (to version 21) should migrate: false - up
[2025-10-03 11:06:12.110] [info]  Migrator CollapsedGroupingsMigrator (to version 22) should migrate: false - up
[2025-10-03 11:06:12.110] [info]  Migrator MoveBiometricPromptsToStateProviders (to version 23) should migrate: false - up
[2025-10-03 11:06:12.111] [info]  Migrator SmOnboardingTasksMigrator (to version 24) should migrate: false - up
[2025-10-03 11:06:12.111] [info]  Migrator ClearClipboardDelayMigrator (to version 25) should migrate: false - up
[2025-10-03 11:06:12.111] [info]  Migrator RevertLastSyncMigrator (to version 26) should migrate: false - up
[2025-10-03 11:06:12.111] [info]  Migrator BadgeSettingsMigrator (to version 27) should migrate: false - up
[2025-10-03 11:06:12.111] [info]  Migrator MoveBiometricUnlockToStateProviders (to version 28) should migrate: false - up
[2025-10-03 11:06:12.111] [info]  Migrator UserNotificationSettingsKeyMigrator (to version 29) should migrate: false - up
[2025-10-03 11:06:12.111] [info]  Migrator PolicyMigrator (to version 30) should migrate: false - up
[2025-10-03 11:06:12.111] [info]  Migrator EnableContextMenuMigrator (to version 31) should migrate: false - up
[2025-10-03 11:06:12.112] [info]  Migrator PreferredLanguageMigrator (to version 32) should migrate: false - up
[2025-10-03 11:06:12.112] [info]  Migrator AppIdMigrator (to version 33) should migrate: false - up
[2025-10-03 11:06:12.112] [info]  Migrator DomainSettingsMigrator (to version 34) should migrate: false - up
[2025-10-03 11:06:12.112] [info]  Migrator MoveThemeToStateProviderMigrator (to version 35) should migrate: false - up
[2025-10-03 11:06:12.112] [info]  Migrator VaultSettingsKeyMigrator (to version 36) should migrate: false - up
[2025-10-03 11:06:12.112] [info]  Migrator AvatarColorMigrator (to version 37) should migrate: false - up
[2025-10-03 11:06:12.112] [info]  Migrator TokenServiceStateProviderMigrator (to version 38) should migrate: false - up
[2025-10-03 11:06:12.112] [info]  Migrator MoveBillingAccountProfileMigrator (to version 39) should migrate: false - up
[2025-10-03 11:06:12.113] [info]  Migrator OrganizationMigrator (to version 40) should migrate: false - up
[2025-10-03 11:06:12.113] [info]  Migrator EventCollectionMigrator (to version 41) should migrate: false - up
[2025-10-03 11:06:12.113] [info]  Migrator EnableFaviconMigrator (to version 42) should migrate: false - up
[2025-10-03 11:06:12.113] [info]  Migrator AutoConfirmFingerPrintsMigrator (to version 43) should migrate: false - up
[2025-10-03 11:06:12.113] [info]  Migrator UserDecryptionOptionsMigrator (to version 44) should migrate: false - up
[2025-10-03 11:06:12.113] [info]  Migrator MergeEnvironmentState (to version 45) should migrate: false - up
[2025-10-03 11:06:12.113] [info]  Migrator DeleteBiometricPromptCancelledData (to version 46) should migrate: false - up
[2025-10-03 11:06:12.113] [info]  Migrator MoveDesktopSettingsMigrator (to version 47) should migrate: false - up
[2025-10-03 11:06:12.113] [info]  Migrator MoveDdgToStateProviderMigrator (to version 48) should migrate: false - up
[2025-10-03 11:06:12.114] [info]  Migrator AccountServerConfigMigrator (to version 49) should migrate: false - up
[2025-10-03 11:06:12.114] [info]  Migrator KeyConnectorMigrator (to version 50) should migrate: false - up
[2025-10-03 11:06:12.114] [info]  Migrator RememberedEmailMigrator (to version 51) should migrate: false - up
[2025-10-03 11:06:12.114] [info]  Migrator DeleteInstalledVersion (to version 52) should migrate: false - up
[2025-10-03 11:06:12.114] [info]  Migrator DeviceTrustServiceStateProviderMigrator (to version 53) should migrate: false - up
[2025-10-03 11:06:12.114] [info]  Migrator SendMigrator (to version 54) should migrate: false - up
[2025-10-03 11:06:12.114] [info]  Migrator MoveMasterKeyStateToProviderMigrator (to version 55) should migrate: false - up
[2025-10-03 11:06:12.114] [info]  Migrator AuthRequestMigrator (to version 56) should migrate: false - up
[2025-10-03 11:06:12.114] [info]  Migrator CipherServiceMigrator (to version 57) should migrate: false - up
[2025-10-03 11:06:12.115] [info]  Migrator RemoveRefreshTokenMigratedFlagMigrator (to version 58) should migrate: false - up
[2025-10-03 11:06:12.115] [info]  Migrator KdfConfigMigrator (to version 59) should migrate: false - up
[2025-10-03 11:06:12.115] [info]  Migrator KnownAccountsMigrator (to version 60) should migrate: false - up
[2025-10-03 11:06:12.115] [info]  Migrator PinStateMigrator (to version 61) should migrate: false - up
[2025-10-03 11:06:12.115] [info]  Migrator VaultTimeoutSettingsServiceStateProviderMigrator (to version 62) should migrate: false - up
[2025-10-03 11:06:12.115] [info]  Migrator PasswordOptionsMigrator (to version 63) should migrate: false - up
[2025-10-03 11:06:12.115] [info]  Migrator GeneratorHistoryMigrator (to version 64) should migrate: false - up
[2025-10-03 11:06:12.115] [info]  Migrator ForwarderOptionsMigrator (to version 65) should migrate: false - up
[2025-10-03 11:06:12.115] [info]  Migrator MoveFinalDesktopSettingsMigrator (to version 66) should migrate: false - up
[2025-10-03 11:06:12.115] [info]  Migrator RemoveUnassignedItemsBannerDismissed (to version 67) should migrate: false - up
[2025-10-03 11:06:12.116] [info]  Migrator MoveLastSyncDate (to version 68) should migrate: false - up
[2025-10-03 11:06:12.116] [info]  Migrator MigrateIncorrectFolderKey (to version 69) should migrate: false - up
[2025-10-03 11:06:12.116] [info]  Migrator RemoveAcBannersDismissed (to version 70) should migrate: false - up
[2025-10-03 11:06:12.116] [info]  Migrator RemoveNewCustomizationOptionsCalloutDismissed (to version 71) should migrate: false - up
[2025-10-03 11:06:12.116] [info]  Migrator RemoveAccountDeprovisioningBannerDismissed (to version 72) should migrate: false - up
[2025-10-03 11:06:12.230] [info]  Coredumps are disabled in renderer process
[2025-10-03 11:06:12.231] [info]  Disabling memory dumps in main process
[2025-10-03 11:06:13.191] [info]  [Native Messaging IPC] Clearing connected apps
[2025-10-03 11:06:13.194] [info]  State version: 72
[2025-10-03 11:06:17.218] [info]  Retrieving application id
[2025-10-03 11:06:18.018] [info]  Environment did not respond in time, emitting previous config.
[2025-10-03 11:06:25.816] [info]  [KeyService] Deriving master key took 752ms
[2025-10-03 11:06:25.849] [info]  Vault unlocked 2025-10-03T03:06:25.849Z
[2025-10-03 11:06:25.853] [info]  Using SignalR for notifications
[2025-10-03 11:06:26.252] [info]  [LockComponent] Sync took 334ms
[2025-10-03 11:06:26.252] [info]  [LockComponent] Private key regeneration took 0ms
[2025-10-03 11:06:26.287] [info]  [SearchService]: isSearchable took 7.7000000001862645 undefined
[2025-10-03 11:06:26.412] [info]  [CipherService]: decrypt complete took 81 [ [ 'Items', 195 ] ]
[2025-10-03 11:06:26.499] [info]  [SearchService]: index complete took 75.90000000037253 [ [ 'Items', 195 ] ]
[2025-10-03 11:06:26.528] [info]  [SearchService]: isSearchable took 7.899999999906868 undefined
[2025-10-03 11:06:26.566] [info]  [SearchService]: index complete took 38.200000000186265 [ [ 'Items', 195 ] ]
[2025-10-03 11:06:26.805] [info]  [SignalR] WebSocket connected to wss://notifications.bitwarden.com/hub?access_token=[REDACTED]
[2025-10-03 11:06:26.807] [info]  [SignalR] Using HubProtocol 'messagepack'.
[2025-10-03 11:06:29.916] [info]  [SearchService]: isSearchable took 14.599999999627471 undefined
[2025-10-03 11:06:29.917] [info]  [SearchService]: isSearchable took 12.100000000093132 undefined
[2025-10-03 11:06:29.975] [info]  [SearchService]: isSearchable took 15 undefined
[2025-10-03 11:06:29.975] [info]  [SearchService]: isSearchable took 7.699999999720603 undefined
[2025-10-03 11:06:30.852] [info]  [SearchService]: isSearchable took 16.800000000279397 undefined
[2025-10-03 11:06:30.853] [info]  [SearchService]: isSearchable took 8.299999999813735 undefined
[2025-10-03 11:06:31.016] [info]  [SearchService]: isSearchable took 33.700000000186265 undefined
[2025-10-03 11:06:31.017] [info]  [SearchService]: isSearchable took 13.699999999720603 undefined
[2025-10-03 11:06:31.055] [info]  [SearchService]: isSearchable took 12.200000000186265 undefined
[2025-10-03 11:06:31.056] [info]  [SearchService]: isSearchable took 6.2000000001862645 undefined
[2025-10-03 11:06:31.185] [info]  [SearchService]: isSearchable took 26.300000000279397 undefined
[2025-10-03 11:06:31.185] [info]  [SearchService]: isSearchable took 9.399999999906868 undefined
[2025-10-03 11:06:31.250] [info]  [SearchService]: isSearchable took 20.399999999906868 undefined
[2025-10-03 11:06:31.251] [info]  [SearchService]: isSearchable took 7.600000000093132 undefined
[2025-10-03 11:06:31.324] [info]  [SearchService]: isSearchable took 13 undefined
[2025-10-03 11:06:31.325] [info]  [SearchService]: isSearchable took 6.899999999906868 undefined
[2025-10-03 11:06:31.459] [info]  [SearchService]: isSearchable took 28.199999999720603 undefined
[2025-10-03 11:06:31.460] [info]  [SearchService]: isSearchable took 10.300000000279397 undefined
[2025-10-03 11:06:31.537] [info]  [SearchService]: isSearchable took 12.899999999906868 undefined
[2025-10-03 11:06:31.538] [info]  [SearchService]: isSearchable took 6.300000000279397 undefined
[2025-10-03 11:06:31.726] [info]  [SearchService]: isSearchable took 34.299999999813735 undefined
[2025-10-03 11:06:31.727] [info]  [SearchService]: isSearchable took 12.600000000093132 undefined
[2025-10-03 11:25:06.552] [info]  Autotype disabled.
